# JRE version: Java(TM) SE Runtime Environment (17.0.12+8) (build 17.0.12+8-LTS-286)
# Java VM: Java HotSpot(TM) 64-Bit Server VM (17.0.12+8-LTS-286, mixed mode, emulated-client, sharing, tiered, compressed oops, compressed class ptrs, g1 gc, windows-amd64)
GC Precious Log:
 CPUs: 4 total, 4 available
 Memory: 3971M
 Large Page Support: Disabled
 NUMA Support: Disabled
 Compressed Oops: Enabled (32-bit)
 Heap Region Size: 1M
 Heap Min Capacity: 8M
 Heap Initial Capacity: 64M
 Heap Max Capacity: 994M
 Pre-touch: Disabled
 Parallel Workers: 4
 Concurrent Workers: 1
 Concurrent Refinement Workers: 4
 Periodic GC: Disabled
Heap:
 garbage-first heap   total 81920K, used 44318K [0x00000000c1e00000, 0x0000000100000000)
  region size 1024K, 6 young (6144K), 3 survivors (3072K)
 Metaspace       used 68403K, committed 68992K, reserved 1114112K
  class space    used 10204K, committed 10496K, reserved 1048576K
GC Heap History (20 events):
Event: 9.777 GC heap before
{Heap before GC invocations=10 (full 0):
 garbage-first heap   total 103424K, used 53487K [0x00000000c1e00000, 0x0000000100000000)
  region size 1024K, 36 young (36864K), 3 survivors (3072K)
 Metaspace       used 35501K, committed 35968K, reserved 1114112K
  class space    used 5153K, committed 5376K, reserved 1048576K
}
Event: 9.787 GC heap after
{Heap after GC invocations=11 (full 0):
 garbage-first heap   total 103424K, used 22284K [0x00000000c1e00000, 0x0000000100000000)
  region size 1024K, 4 young (4096K), 4 survivors (4096K)
 Metaspace       used 35501K, committed 35968K, reserved 1114112K
  class space    used 5153K, committed 5376K, reserved 1048576K
}
Event: 11.986 GC heap before
{Heap before GC invocations=12 (full 0):
 garbage-first heap   total 81920K, used 66316K [0x00000000c1e00000, 0x0000000100000000)
  region size 1024K, 48 young (49152K), 4 survivors (4096K)
 Metaspace       used 46999K, committed 47488K, reserved 1114112K
  class space    used 6768K, committed 6976K, reserved 1048576K
}
Event: 11.999 GC heap after
{Heap after GC invocations=13 (full 0):
 garbage-first heap   total 81920K, used 25992K [0x00000000c1e00000, 0x0000000100000000)
  region size 1024K, 6 young (6144K), 6 survivors (6144K)
 Metaspace       used 46999K, committed 47488K, reserved 1114112K
  class space    used 6768K, committed 6976K, reserved 1048576K
}
Event: 12.087 GC heap before
{Heap before GC invocations=13 (full 0):
 garbage-first heap   total 81920K, used 25992K [0x00000000c1e00000, 0x0000000100000000)
  region size 1024K, 7 young (7168K), 6 survivors (6144K)
 Metaspace       used 47850K, committed 48320K, reserved 1114112K
  class space    used 6847K, committed 7040K, reserved 1048576K
}
Event: 12.096 GC heap after
{Heap after GC invocations=14 (full 0):
 garbage-first heap   total 81920K, used 26487K [0x00000000c1e00000, 0x0000000100000000)
  region size 1024K, 1 young (1024K), 1 survivors (1024K)
 Metaspace       used 47850K, committed 48320K, reserved 1114112K
  class space    used 6847K, committed 7040K, reserved 1048576K
}
Event: 13.913 GC heap before
{Heap before GC invocations=14 (full 0):
 garbage-first heap   total 81920K, used 62327K [0x00000000c1e00000, 0x0000000100000000)
  region size 1024K, 36 young (36864K), 1 survivors (1024K)
 Metaspace       used 54770K, committed 55360K, reserved 1114112K
  class space    used 7945K, committed 8192K, reserved 1048576K
}
Event: 13.919 GC heap after
{Heap after GC invocations=15 (full 0):
 garbage-first heap   total 81920K, used 27640K [0x00000000c1e00000, 0x0000000100000000)
  region size 1024K, 2 young (2048K), 2 survivors (2048K)
 Metaspace       used 54770K, committed 55360K, reserved 1114112K
  class space    used 7945K, committed 8192K, reserved 1048576K
}
Event: 15.246 GC heap before
{Heap before GC invocations=15 (full 0):
 garbage-first heap   total 81920K, used 52216K [0x00000000c1e00000, 0x0000000100000000)
  region size 1024K, 27 young (27648K), 2 survivors (2048K)
 Metaspace       used 59688K, committed 60288K, reserved 1114112K
  class space    used 8733K, committed 9024K, reserved 1048576K
}
Event: 15.258 GC heap after
{Heap after GC invocations=16 (full 0):
 garbage-first heap   total 81920K, used 29946K [0x00000000c1e00000, 0x0000000100000000)
  region size 1024K, 5 young (5120K), 5 survivors (5120K)
 Metaspace       used 59688K, committed 60288K, reserved 1114112K
  class space    used 8733K, committed 9024K, reserved 1048576K
}
Event: 17.140 GC heap before
{Heap before GC invocations=17 (full 0):
 garbage-first heap   total 81920K, used 62714K [0x00000000c1e00000, 0x0000000100000000)
  region size 1024K, 38 young (38912K), 5 survivors (5120K)
 Metaspace       used 62485K, committed 63104K, reserved 1114112K
  class space    used 9308K, committed 9600K, reserved 1048576K
}
Event: 17.155 GC heap after
{Heap after GC invocations=18 (full 0):
 garbage-first heap   total 81920K, used 32611K [0x00000000c1e00000, 0x0000000100000000)
  region size 1024K, 5 young (5120K), 5 survivors (5120K)
 Metaspace       used 62485K, committed 63104K, reserved 1114112K
  class space    used 9308K, committed 9600K, reserved 1048576K
}
Event: 17.321 GC heap before
{Heap before GC invocations=19 (full 0):
 garbage-first heap   total 81920K, used 65379K [0x00000000c1e00000, 0x0000000100000000)
  region size 1024K, 37 young (37888K), 5 survivors (5120K)
 Metaspace       used 62502K, committed 63104K, reserved 1114112K
  class space    used 9311K, committed 9600K, reserved 1048576K
}
Event: 17.336 GC heap after
{Heap after GC invocations=20 (full 0):
 garbage-first heap   total 81920K, used 37668K [0x00000000c1e00000, 0x0000000100000000)
  region size 1024K, 5 young (5120K), 5 survivors (5120K)
 Metaspace       used 62502K, committed 63104K, reserved 1114112K
  class space    used 9311K, committed 9600K, reserved 1048576K
}
Event: 17.805 GC heap before
{Heap before GC invocations=20 (full 0):
 garbage-first heap   total 81920K, used 63268K [0x00000000c1e00000, 0x0000000100000000)
  region size 1024K, 30 young (30720K), 5 survivors (5120K)
 Metaspace       used 62589K, committed 63168K, reserved 1114112K
  class space    used 9330K, committed 9600K, reserved 1048576K
}
Event: 17.818 GC heap after
{Heap after GC invocations=21 (full 0):
 garbage-first heap   total 81920K, used 38366K [0x00000000c1e00000, 0x0000000100000000)
  region size 1024K, 1 young (1024K), 1 survivors (1024K)
 Metaspace       used 62589K, committed 63168K, reserved 1114112K
  class space    used 9330K, committed 9600K, reserved 1048576K
}
Event: 19.136 GC heap before
{Heap before GC invocations=21 (full 0):
 garbage-first heap   total 81920K, used 64990K [0x00000000c1e00000, 0x0000000100000000)
  region size 1024K, 27 young (27648K), 1 survivors (1024K)
 Metaspace       used 65510K, committed 66048K, reserved 1114112K
  class space    used 9789K, committed 10048K, reserved 1048576K
}
Event: 19.143 GC heap after
{Heap after GC invocations=22 (full 0):
 garbage-first heap   total 81920K, used 40362K [0x00000000c1e00000, 0x0000000100000000)
  region size 1024K, 3 young (3072K), 3 survivors (3072K)
 Metaspace       used 65510K, committed 66048K, reserved 1114112K
  class space    used 9789K, committed 10048K, reserved 1048576K
}
Event: 36.988 GC heap before
{Heap before GC invocations=23 (full 0):
 garbage-first heap   total 81920K, used 64938K [0x00000000c1e00000, 0x0000000100000000)
  region size 1024K, 28 young (28672K), 3 survivors (3072K)
 Metaspace       used 67733K, committed 68352K, reserved 1114112K
  class space    used 10122K, committed 10432K, reserved 1048576K
}
Event: 37.002 GC heap after
{Heap after GC invocations=24 (full 0):
 garbage-first heap   total 81920K, used 42270K [0x00000000c1e00000, 0x0000000100000000)
  region size 1024K, 3 young (3072K), 3 survivors (3072K)
 Metaspace       used 67733K, committed 68352K, reserved 1114112K
  class space    used 10122K, committed 10432K, reserved 1048576K
}

