# JRE version: Java(TM) SE Runtime Environment (17.0.12+8) (build 17.0.12+8-LTS-286)
# Java VM: Java HotSpot(TM) 64-Bit Server VM (17.0.12+8-LTS-286, mixed mode, emulated-client, sharing, tiered, compressed oops, compressed class ptrs, g1 gc, windows-amd64)
GC Precious Log:
 CPUs: 4 total, 4 available
 Memory: 3971M
 Large Page Support: Disabled
 NUMA Support: Disabled
 Compressed Oops: Enabled (32-bit)
 Heap Region Size: 1M
 Heap Min Capacity: 8M
 Heap Initial Capacity: 64M
 Heap Max Capacity: 994M
 Pre-touch: Disabled
 Parallel Workers: 4
 Concurrent Workers: 1
 Concurrent Refinement Workers: 4
 Periodic GC: Disabled
Heap:
 garbage-first heap   total 137216K, used 51541K [0x00000000c1e00000, 0x0000000100000000)
  region size 1024K, 5 young (5120K), 5 survivors (5120K)
 Metaspace       used 92837K, committed 94272K, reserved 1179648K
  class space    used 13099K, committed 14080K, reserved 1048576K
GC Heap History (20 events):
Event: 17852.083 GC heap after
{Heap after GC invocations=190 (full 13):
 garbage-first heap   total 137216K, used 52722K [0x00000000c1e00000, 0x0000000100000000)
  region size 1024K, 8 young (8192K), 8 survivors (8192K)
 Metaspace       used 92313K, committed 94208K, reserved 1179648K
  class space    used 13031K, committed 14080K, reserved 1048576K
}
Event: 17878.913 GC heap before
{Heap before GC invocations=190 (full 13):
 garbage-first heap   total 137216K, used 109042K [0x00000000c1e00000, 0x0000000100000000)
  region size 1024K, 64 young (65536K), 8 survivors (8192K)
 Metaspace       used 92495K, committed 94208K, reserved 1179648K
  class space    used 13050K, committed 14080K, reserved 1048576K
}
Event: 17879.000 GC heap after
{Heap after GC invocations=191 (full 13):
 garbage-first heap   total 137216K, used 53872K [0x00000000c1e00000, 0x0000000100000000)
  region size 1024K, 7 young (7168K), 7 survivors (7168K)
 Metaspace       used 92495K, committed 94208K, reserved 1179648K
  class space    used 13050K, committed 14080K, reserved 1048576K
}
Event: 17940.371 GC heap before
{Heap before GC invocations=192 (full 13):
 garbage-first heap   total 137216K, used 110192K [0x00000000c1e00000, 0x0000000100000000)
  region size 1024K, 62 young (63488K), 7 survivors (7168K)
 Metaspace       used 92491K, committed 94208K, reserved 1179648K
  class space    used 13049K, committed 14080K, reserved 1048576K
}
Event: 17940.497 GC heap after
{Heap after GC invocations=193 (full 13):
 garbage-first heap   total 137216K, used 54347K [0x00000000c1e00000, 0x0000000100000000)
  region size 1024K, 4 young (4096K), 4 survivors (4096K)
 Metaspace       used 92491K, committed 94208K, reserved 1179648K
  class space    used 13049K, committed 14080K, reserved 1048576K
}
Event: 17993.632 GC heap before
{Heap before GC invocations=193 (full 13):
 garbage-first heap   total 137216K, used 111691K [0x00000000c1e00000, 0x0000000100000000)
  region size 1024K, 60 young (61440K), 4 survivors (4096K)
 Metaspace       used 92493K, committed 94208K, reserved 1179648K
  class space    used 13049K, committed 14080K, reserved 1048576K
}
Event: 17993.743 GC heap after
{Heap after GC invocations=194 (full 13):
 garbage-first heap   total 137216K, used 55311K [0x00000000c1e00000, 0x0000000100000000)
  region size 1024K, 5 young (5120K), 5 survivors (5120K)
 Metaspace       used 92493K, committed 94208K, reserved 1179648K
  class space    used 13049K, committed 14080K, reserved 1048576K
}
Event: 18043.098 GC heap before
{Heap before GC invocations=195 (full 13):
 garbage-first heap   total 137216K, used 110607K [0x00000000c1e00000, 0x0000000100000000)
  region size 1024K, 60 young (61440K), 5 survivors (5120K)
 Metaspace       used 92507K, committed 94208K, reserved 1179648K
  class space    used 13056K, committed 14080K, reserved 1048576K
}
Event: 18043.174 GC heap after
{Heap after GC invocations=196 (full 13):
 garbage-first heap   total 137216K, used 55780K [0x00000000c1e00000, 0x0000000100000000)
  region size 1024K, 4 young (4096K), 4 survivors (4096K)
 Metaspace       used 92507K, committed 94208K, reserved 1179648K
  class space    used 13056K, committed 14080K, reserved 1048576K
}
Event: 18044.570 GC heap before
{Heap before GC invocations=196 (full 13):
 garbage-first heap   total 137216K, used 57828K [0x00000000c1e00000, 0x0000000100000000)
  region size 1024K, 6 young (6144K), 4 survivors (4096K)
 Metaspace       used 92510K, committed 94208K, reserved 1179648K
  class space    used 13057K, committed 14080K, reserved 1048576K
}
Event: 18044.590 GC heap after
{Heap after GC invocations=197 (full 13):
 garbage-first heap   total 137216K, used 55512K [0x00000000c1e00000, 0x0000000100000000)
  region size 1024K, 1 young (1024K), 1 survivors (1024K)
 Metaspace       used 92510K, committed 94208K, reserved 1179648K
  class space    used 13057K, committed 14080K, reserved 1048576K
}
Event: 18088.537 GC heap before
{Heap before GC invocations=197 (full 13):
 garbage-first heap   total 137216K, used 112856K [0x00000000c1e00000, 0x0000000100000000)
  region size 1024K, 57 young (58368K), 1 survivors (1024K)
 Metaspace       used 92514K, committed 94208K, reserved 1179648K
  class space    used 13058K, committed 14080K, reserved 1048576K
}
Event: 18088.610 GC heap after
{Heap after GC invocations=198 (full 13):
 garbage-first heap   total 137216K, used 55230K [0x00000000c1e00000, 0x0000000100000000)
  region size 1024K, 1 young (1024K), 1 survivors (1024K)
 Metaspace       used 92514K, committed 94208K, reserved 1179648K
  class space    used 13058K, committed 14080K, reserved 1048576K
}
Event: 18136.513 GC heap before
{Heap before GC invocations=199 (full 13):
 garbage-first heap   total 137216K, used 113598K [0x00000000c1e00000, 0x0000000100000000)
  region size 1024K, 58 young (59392K), 1 survivors (1024K)
 Metaspace       used 92510K, committed 94208K, reserved 1179648K
  class space    used 13058K, committed 14080K, reserved 1048576K
}
Event: 18136.564 GC heap after
{Heap after GC invocations=200 (full 13):
 garbage-first heap   total 137216K, used 55196K [0x00000000c1e00000, 0x0000000100000000)
  region size 1024K, 1 young (1024K), 1 survivors (1024K)
 Metaspace       used 92510K, committed 94208K, reserved 1179648K
  class space    used 13058K, committed 14080K, reserved 1048576K
}
Event: 18140.734 GC heap before
{Heap before GC invocations=200 (full 13):
 garbage-first heap   total 137216K, used 60316K [0x00000000c1e00000, 0x0000000100000000)
  region size 1024K, 6 young (6144K), 1 survivors (1024K)
 Metaspace       used 92510K, committed 94208K, reserved 1179648K
  class space    used 13058K, committed 14080K, reserved 1048576K
}
Event: 18140.756 GC heap after
{Heap after GC invocations=201 (full 13):
 garbage-first heap   total 137216K, used 54902K [0x00000000c1e00000, 0x0000000100000000)
  region size 1024K, 1 young (1024K), 1 survivors (1024K)
 Metaspace       used 92510K, committed 94208K, reserved 1179648K
  class space    used 13058K, committed 14080K, reserved 1048576K
}
Event: 18164.066 GC heap before
{Heap before GC invocations=201 (full 13):
 garbage-first heap   total 137216K, used 80502K [0x00000000c1e00000, 0x0000000100000000)
  region size 1024K, 27 young (27648K), 1 survivors (1024K)
 Metaspace       used 92530K, committed 94208K, reserved 1179648K
  class space    used 13061K, committed 14080K, reserved 1048576K
}
Event: 18165.885 GC heap after
{Heap after GC invocations=202 (full 14):
 garbage-first heap   total 137216K, used 46507K [0x00000000c1e00000, 0x0000000100000000)
  region size 1024K, 0 young (0K), 0 survivors (0K)
 Metaspace       used 92497K, committed 94208K, reserved 1179648K
  class space    used 13055K, committed 14080K, reserved 1048576K
}
Event: 18179.975 GC heap before
{Heap before GC invocations=202 (full 14):
 garbage-first heap   total 137216K, used 113067K [0x00000000c1e00000, 0x0000000100000000)
  region size 1024K, 66 young (67584K), 0 survivors (0K)
 Metaspace       used 92837K, committed 94272K, reserved 1179648K
  class space    used 13099K, committed 14080K, reserved 1048576K
}

